<?xml version="1.0" encoding="UTF-8"?>
<!-- Generated by org.testng.reporters.JUnitReportReporter -->
<testsuite hostname="DESKTOP-4PFGOAF" failures="0" tests="1" name="Selenium.SeleniumAmazondemo.AppTest" time="0.099" errors="0" timestamp="2024-10-26T17:26:19 IST" skipped="0">
  <testcase classname="Selenium.SeleniumAmazondemo.AppTest" name="selectdress" time="0.099"/>
</testsuite> <!-- Selenium.SeleniumAmazondemo.AppTest -->
